<?xml version="1.0" encoding="UTF-8"?>
<testsuite xmlns:xsi="http://www.w3.org/2001/XMLSchema-instance" xsi:noNamespaceSchemaLocation="https://maven.apache.org/surefire/maven-surefire-plugin/xsd/surefire-test-report-3.0.xsd" version="3.0" name="com.shipa.newage.NewageApiIntegrationApplicationTests" time="21.623" tests="1" errors="0" skipped="0" failures="0">
  <properties>
[...]
</properties>
  <testcase name="contextLoads" classname="com.shipa.newage.NewageApiIntegrationApplicationTests" time="1.894">
    <system-out><![CDATA[23:28:17.780 [main] INFO org.springframework.test.context.support.AnnotationConfigContextLoaderUtils -- Could not detect default configuration classes for test class [com.shipa.newage.NewageApiIntegrationApplicationTests]: NewageApiIntegrationApplicationTests does not declare any static, non-private, non-final, nested classes annotated with @Configuration.
23:28:18.071 [main] INFO org.springframework.boot.test.context.SpringBootTestContextBootstrapper -- Found @SpringBootConfiguration com.shipa.newage.NewageApiIntegrationApplication for test class com.shipa.newage.NewageApiIntegrationApplicationTests

  .   ____          _            __ _ _
 /\\ / ___'_ __ _ _(_)_ __  __ _ \ \ \ \
( ( )\___ | '_ | '_| | '_ \/ _` | \ \ \ \
 \\/  ___)| |_)| | | | | || (_| |  ) ) ) )
  '  |____| .__|_| |_|_| |_\__, | / / / /
 =========|_|==============|___/=/_/_/_/
 :: Spring Boot ::                (v3.1.4)

2023-11-08T23:28:19.232+05:30  INFO 29444 --- [           main] s.n.NewageApiIntegrationApplicationTests : Starting NewageApiIntegrationApplicationTests using Java 17.0.1 with PID 29444 (started by SureshKumar in E:\SureshKumar\EclipseWorkspace_VisaCare\newage-api-integration)
2023-11-08T23:28:19.235+05:30  INFO 29444 --- [           main] s.n.NewageApiIntegrationApplicationTests : No active profile set, falling back to 1 default profile: "default"
2023-11-08T23:28:21.999+05:30  INFO 29444 --- [           main] .s.d.r.c.RepositoryConfigurationDelegate : Bootstrapping Spring Data JPA repositories in DEFAULT mode.
2023-11-08T23:28:22.131+05:30  INFO 29444 --- [           main] .s.d.r.c.RepositoryConfigurationDelegate : Finished Spring Data repository scanning in 113 ms. Found 1 JPA repository interfaces.
2023-11-08T23:28:22.601+05:30  INFO 29444 --- [           main] o.s.cloud.context.scope.GenericScope     : BeanFactory id=fcec6733-0aea-36a6-9e0b-d3c6ece77b11
2023-11-08T23:28:23.780+05:30  INFO 29444 --- [           main] o.hibernate.jpa.internal.util.LogHelper  : HHH000204: Processing PersistenceUnitInfo [name: default]
2023-11-08T23:28:23.953+05:30  INFO 29444 --- [           main] org.hibernate.Version                    : HHH000412: Hibernate ORM core version 6.2.9.Final
2023-11-08T23:28:23.958+05:30  INFO 29444 --- [           main] org.hibernate.cfg.Environment            : HHH000406: Using bytecode reflection optimizer
2023-11-08T23:28:24.589+05:30  INFO 29444 --- [           main] o.h.b.i.BytecodeProviderInitiator        : HHH000021: Bytecode provider name : bytebuddy
2023-11-08T23:28:24.952+05:30  INFO 29444 --- [           main] o.s.o.j.p.SpringPersistenceUnitInfo      : No LoadTimeWeaver setup: ignoring JPA class transformer
2023-11-08T23:28:24.995+05:30  INFO 29444 --- [           main] com.zaxxer.hikari.HikariDataSource       : HikariPool-1 - Starting...
2023-11-08T23:28:25.560+05:30  INFO 29444 --- [           main] com.zaxxer.hikari.pool.HikariPool        : HikariPool-1 - Added connection com.mysql.cj.jdbc.ConnectionImpl@756c67cd
2023-11-08T23:28:25.571+05:30  INFO 29444 --- [           main] com.zaxxer.hikari.HikariDataSource       : HikariPool-1 - Start completed.
2023-11-08T23:28:25.738+05:30  WARN 29444 --- [           main] org.hibernate.orm.deprecation            : HHH90000026: MySQL8Dialect has been deprecated; use org.hibernate.dialect.MySQLDialect instead
2023-11-08T23:28:26.467+05:30  INFO 29444 --- [           main] o.h.b.i.BytecodeProviderInitiator        : HHH000021: Bytecode provider name : bytebuddy
2023-11-08T23:28:28.921+05:30  INFO 29444 --- [           main] o.h.e.t.j.p.i.JtaPlatformInitiator       : HHH000490: Using JtaPlatform implementation: [org.hibernate.engine.transaction.jta.platform.internal.NoJtaPlatform]
2023-11-08T23:28:29.746+05:30  INFO 29444 --- [           main] j.LocalContainerEntityManagerFactoryBean : Initialized JPA EntityManagerFactory for persistence unit 'default'
2023-11-08T23:28:30.592+05:30  INFO 29444 --- [           main] o.s.d.j.r.query.QueryEnhancerFactory     : Hibernate is in classpath; If applicable, HQL parser will be used.
2023-11-08T23:28:32.011+05:30 ERROR 29444 --- [           main] o.a.catalina.core.AprLifecycleListener   : An incompatible version [1.2.25] of the Apache Tomcat Native library is installed, while Tomcat requires version [1.2.34]
2023-11-08T23:28:32.598+05:30  WARN 29444 --- [           main] JpaBaseConfiguration$JpaWebConfiguration : spring.jpa.open-in-view is enabled by default. Therefore, database queries may be performed during view rendering. Explicitly configure spring.jpa.open-in-view to disable this warning
2023-11-08T23:28:37.024+05:30  INFO 29444 --- [           main] s.n.NewageApiIntegrationApplicationTests : Started NewageApiIntegrationApplicationTests in 18.609 seconds (process running for 20.819)
]]></system-out>
  </testcase>
</testsuite>